2025-12-04 10:36:46,530 | INFO | 🚀 Starting Production-Optimized H1 Training...
2025-12-04 10:36:46,531 | INFO | 📈 TensorBoard logging to: /home/sh/Desktop/Projects/Udval/GNN_project/data_processed/graphs_h1/runs
2025-12-04 10:36:46,531 | INFO | 📂 Loading Tensors...
2025-12-04 10:36:51,753 | INFO |    Nodes: 500000 | Train Windows: 18
2025-12-04 10:36:54,191 | INFO | ⚖️  Calculating global class weights...
2025-12-04 10:36:54,220 | INFO |    Pos Weight: 39.3853
2025-12-04 10:36:54,241 | INFO | 🔄 Starting Epochs...
2025-12-04 10:38:46,889 | INFO | Epoch 001 | 112.6s | Loss: 0.9648 | Val AUC: 0.8836 | F1: 0.5364
2025-12-04 10:40:50,536 | INFO | Epoch 002 | 113.5s | Loss: 0.8723 | Val AUC: 0.8844 | F1: 0.5467
2025-12-04 10:42:54,661 | INFO | Epoch 003 | 113.9s | Loss: 0.8620 | Val AUC: 0.8855 | F1: 0.5485
2025-12-04 10:44:58,444 | INFO | Epoch 004 | 113.6s | Loss: 0.8547 | Val AUC: 0.8857 | F1: 0.5491
2025-12-04 10:47:02,291 | INFO | Epoch 005 | 113.7s | Loss: 0.8537 | Val AUC: 0.8869 | F1: 0.5480
2025-12-04 10:49:05,975 | INFO | Epoch 006 | 113.5s | Loss: 0.8513 | Val AUC: 0.8855 | F1: 0.5476
2025-12-04 10:51:09,795 | INFO | Epoch 007 | 113.7s | Loss: 0.8505 | Val AUC: 0.8872 | F1: 0.5487
2025-12-04 10:53:13,323 | INFO | Epoch 008 | 113.4s | Loss: 0.8493 | Val AUC: 0.8866 | F1: 0.5491
2025-12-04 10:55:16,896 | INFO | Epoch 009 | 113.4s | Loss: 0.8493 | Val AUC: 0.8874 | F1: 0.5490
2025-12-04 10:57:20,674 | INFO | Epoch 010 | 113.6s | Loss: 0.8487 | Val AUC: 0.8860 | F1: 0.5502
2025-12-04 10:59:24,647 | INFO | Epoch 011 | 113.8s | Loss: 0.8493 | Val AUC: 0.8872 | F1: 0.5500
2025-12-04 11:01:28,037 | INFO | Epoch 012 | 113.2s | Loss: 0.8485 | Val AUC: 0.8864 | F1: 0.5514
2025-12-04 11:03:31,321 | INFO | Epoch 013 | 113.1s | Loss: 0.8493 | Val AUC: 0.8865 | F1: 0.5522
2025-12-04 11:05:34,991 | INFO | Epoch 014 | 113.5s | Loss: 0.8475 | Val AUC: 0.8867 | F1: 0.5522
2025-12-04 11:07:38,443 | INFO | Epoch 015 | 113.3s | Loss: 0.8470 | Val AUC: 0.8864 | F1: 0.5515
2025-12-04 11:09:42,471 | INFO | Epoch 016 | 113.9s | Loss: 0.8470 | Val AUC: 0.8866 | F1: 0.5500
2025-12-04 11:11:47,123 | INFO | Epoch 017 | 114.5s | Loss: 0.8488 | Val AUC: 0.8868 | F1: 0.5515
2025-12-04 11:13:51,532 | INFO | Epoch 018 | 114.2s | Loss: 0.8472 | Val AUC: 0.8873 | F1: 0.5506
2025-12-04 11:15:56,588 | INFO | Epoch 019 | 114.9s | Loss: 0.8453 | Val AUC: 0.8871 | F1: 0.5497
2025-12-04 11:18:01,345 | INFO | Epoch 020 | 114.6s | Loss: 0.8461 | Val AUC: 0.8876 | F1: 0.5536
2025-12-04 11:20:05,704 | INFO | Epoch 021 | 114.2s | Loss: 0.8427 | Val AUC: 0.8868 | F1: 0.5506
2025-12-04 11:22:10,257 | INFO | Epoch 022 | 114.4s | Loss: 0.8434 | Val AUC: 0.8859 | F1: 0.5521
2025-12-04 11:24:14,899 | INFO | Epoch 023 | 114.5s | Loss: 0.8424 | Val AUC: 0.8870 | F1: 0.5503
2025-12-04 11:26:19,685 | INFO | Epoch 024 | 114.6s | Loss: 0.8405 | Val AUC: 0.8874 | F1: 0.5519
2025-12-04 11:28:24,561 | INFO | Epoch 025 | 114.7s | Loss: 0.8420 | Val AUC: 0.8874 | F1: 0.5530
2025-12-04 11:30:30,035 | INFO | Epoch 026 | 115.3s | Loss: 0.8412 | Val AUC: 0.8870 | F1: 0.5524
2025-12-04 11:32:35,503 | INFO | Epoch 027 | 115.3s | Loss: 0.8399 | Val AUC: 0.8865 | F1: 0.5500
2025-12-04 11:34:40,765 | INFO | Epoch 028 | 115.1s | Loss: 0.8405 | Val AUC: 0.8877 | F1: 0.5518
2025-12-04 11:36:45,898 | INFO | Epoch 029 | 115.0s | Loss: 0.8403 | Val AUC: 0.8871 | F1: 0.5543
2025-12-04 11:38:50,681 | INFO | Epoch 030 | 114.6s | Loss: 0.8401 | Val AUC: 0.8864 | F1: 0.5493
2025-12-04 11:40:55,496 | INFO | Epoch 031 | 114.7s | Loss: 0.8402 | Val AUC: 0.8874 | F1: 0.5518
2025-12-04 11:43:00,248 | INFO | Epoch 032 | 114.6s | Loss: 0.8404 | Val AUC: 0.8872 | F1: 0.5510
2025-12-04 11:45:04,488 | INFO | Epoch 033 | 114.1s | Loss: 0.8396 | Val AUC: 0.8876 | F1: 0.5504
2025-12-04 11:47:09,621 | INFO | Epoch 034 | 115.0s | Loss: 0.8386 | Val AUC: 0.8865 | F1: 0.5525
2025-12-04 11:49:14,745 | INFO | Epoch 035 | 115.0s | Loss: 0.8393 | Val AUC: 0.8870 | F1: 0.5526
2025-12-04 11:51:19,449 | INFO | Epoch 036 | 114.5s | Loss: 0.8394 | Val AUC: 0.8862 | F1: 0.5515
2025-12-04 11:53:24,191 | INFO | Epoch 037 | 114.6s | Loss: 0.8387 | Val AUC: 0.8870 | F1: 0.5532
2025-12-04 11:55:29,158 | INFO | Epoch 038 | 114.8s | Loss: 0.8387 | Val AUC: 0.8879 | F1: 0.5528
2025-12-04 11:57:34,676 | INFO | Epoch 039 | 115.3s | Loss: 0.8369 | Val AUC: 0.8869 | F1: 0.5528
2025-12-04 11:59:39,378 | INFO | Epoch 040 | 114.5s | Loss: 0.8389 | Val AUC: 0.8876 | F1: 0.5519
2025-12-04 12:01:43,771 | INFO | Epoch 041 | 114.2s | Loss: 0.8379 | Val AUC: 0.8875 | F1: 0.5537
2025-12-04 12:03:48,274 | INFO | Epoch 042 | 114.3s | Loss: 0.8387 | Val AUC: 0.8874 | F1: 0.5528
2025-12-04 12:05:52,334 | INFO | Epoch 043 | 113.9s | Loss: 0.8377 | Val AUC: 0.8866 | F1: 0.5499
2025-12-04 12:07:56,815 | INFO | Epoch 044 | 114.3s | Loss: 0.8382 | Val AUC: 0.8871 | F1: 0.5541
2025-12-04 12:10:01,504 | INFO | Epoch 045 | 114.5s | Loss: 0.8374 | Val AUC: 0.8876 | F1: 0.5514
2025-12-04 12:12:06,017 | INFO | Epoch 046 | 114.3s | Loss: 0.8378 | Val AUC: 0.8875 | F1: 0.5534
2025-12-04 12:14:10,602 | INFO | Epoch 047 | 114.4s | Loss: 0.8379 | Val AUC: 0.8878 | F1: 0.5519
2025-12-04 12:16:15,044 | INFO | Epoch 048 | 114.3s | Loss: 0.8372 | Val AUC: 0.8880 | F1: 0.5500
2025-12-04 12:18:19,429 | INFO | Epoch 049 | 114.2s | Loss: 0.8368 | Val AUC: 0.8870 | F1: 0.5518
2025-12-04 12:20:24,300 | INFO | Epoch 050 | 114.7s | Loss: 0.8390 | Val AUC: 0.8873 | F1: 0.5535
2025-12-04 12:22:28,462 | INFO | Epoch 051 | 114.0s | Loss: 0.8370 | Val AUC: 0.8869 | F1: 0.5534
2025-12-04 12:24:32,821 | INFO | Epoch 052 | 114.2s | Loss: 0.8382 | Val AUC: 0.8876 | F1: 0.5510
2025-12-04 12:26:37,548 | INFO | Epoch 053 | 114.6s | Loss: 0.8372 | Val AUC: 0.8881 | F1: 0.5532
2025-12-04 12:28:42,278 | INFO | Epoch 054 | 114.6s | Loss: 0.8395 | Val AUC: 0.8869 | F1: 0.5513
2025-12-04 12:30:50,370 | INFO | Epoch 055 | 117.9s | Loss: 0.8383 | Val AUC: 0.8879 | F1: 0.5526
2025-12-04 12:32:55,398 | INFO | Epoch 056 | 114.9s | Loss: 0.8368 | Val AUC: 0.8880 | F1: 0.5534
2025-12-04 12:35:00,322 | INFO | Epoch 057 | 114.8s | Loss: 0.8361 | Val AUC: 0.8884 | F1: 0.5519
2025-12-04 12:37:05,648 | INFO | Epoch 058 | 115.2s | Loss: 0.8378 | Val AUC: 0.8875 | F1: 0.5519
2025-12-04 12:39:10,827 | INFO | Epoch 059 | 115.0s | Loss: 0.8363 | Val AUC: 0.8885 | F1: 0.5521
2025-12-04 12:41:16,052 | INFO | Epoch 060 | 115.0s | Loss: 0.8366 | Val AUC: 0.8886 | F1: 0.5523
2025-12-04 12:43:21,004 | INFO | Epoch 061 | 114.8s | Loss: 0.8388 | Val AUC: 0.8876 | F1: 0.5518
2025-12-04 12:45:25,213 | INFO | Epoch 062 | 114.0s | Loss: 0.8385 | Val AUC: 0.8885 | F1: 0.5532
2025-12-04 12:47:30,274 | INFO | Epoch 063 | 114.9s | Loss: 0.8370 | Val AUC: 0.8870 | F1: 0.5538
2025-12-04 12:49:34,532 | INFO | Epoch 064 | 114.1s | Loss: 0.8378 | Val AUC: 0.8885 | F1: 0.5547
2025-12-04 12:51:38,763 | INFO | Epoch 065 | 114.1s | Loss: 0.8380 | Val AUC: 0.8880 | F1: 0.5538
2025-12-04 12:53:43,155 | INFO | Epoch 066 | 114.2s | Loss: 0.8374 | Val AUC: 0.8876 | F1: 0.5530
2025-12-04 12:55:47,349 | INFO | Epoch 067 | 114.0s | Loss: 0.8369 | Val AUC: 0.8885 | F1: 0.5520
2025-12-04 12:57:51,630 | INFO | Epoch 068 | 114.1s | Loss: 0.8381 | Val AUC: 0.8868 | F1: 0.5536
2025-12-04 12:59:56,227 | INFO | Epoch 069 | 114.4s | Loss: 0.8361 | Val AUC: 0.8878 | F1: 0.5536
2025-12-04 13:02:00,805 | INFO | Epoch 070 | 114.4s | Loss: 0.8374 | Val AUC: 0.8873 | F1: 0.5541
2025-12-04 13:04:05,185 | INFO | Epoch 071 | 114.2s | Loss: 0.8378 | Val AUC: 0.8873 | F1: 0.5536
2025-12-04 13:06:09,184 | INFO | Epoch 072 | 113.8s | Loss: 0.8372 | Val AUC: 0.8877 | F1: 0.5528
2025-12-04 13:08:13,711 | INFO | Epoch 073 | 114.4s | Loss: 0.8378 | Val AUC: 0.8870 | F1: 0.5513
2025-12-04 13:10:18,310 | INFO | Epoch 074 | 114.4s | Loss: 0.8381 | Val AUC: 0.8878 | F1: 0.5515
2025-12-04 13:12:22,980 | INFO | Epoch 075 | 114.5s | Loss: 0.8368 | Val AUC: 0.8872 | F1: 0.5529
2025-12-04 13:14:27,171 | INFO | Epoch 076 | 114.0s | Loss: 0.8380 | Val AUC: 0.8871 | F1: 0.5539
2025-12-04 13:16:31,111 | INFO | Epoch 077 | 113.8s | Loss: 0.8387 | Val AUC: 0.8873 | F1: 0.5529
2025-12-04 13:18:35,535 | INFO | Epoch 078 | 114.3s | Loss: 0.8369 | Val AUC: 0.8872 | F1: 0.5538
2025-12-04 13:20:39,568 | INFO | Epoch 079 | 113.9s | Loss: 0.8377 | Val AUC: 0.8871 | F1: 0.5521
2025-12-04 13:22:43,488 | INFO | Epoch 080 | 113.8s | Loss: 0.8354 | Val AUC: 0.8870 | F1: 0.5519
2025-12-04 13:24:48,105 | INFO | Epoch 081 | 114.4s | Loss: 0.8370 | Val AUC: 0.8864 | F1: 0.5528
2025-12-04 13:26:51,991 | INFO | Epoch 082 | 113.7s | Loss: 0.8374 | Val AUC: 0.8875 | F1: 0.5529
2025-12-04 13:28:56,282 | INFO | Epoch 083 | 114.1s | Loss: 0.8370 | Val AUC: 0.8868 | F1: 0.5526
2025-12-04 13:31:00,823 | INFO | Epoch 084 | 114.4s | Loss: 0.8368 | Val AUC: 0.8874 | F1: 0.5527
2025-12-04 13:33:05,138 | INFO | Epoch 085 | 114.2s | Loss: 0.8368 | Val AUC: 0.8872 | F1: 0.5523
2025-12-04 13:35:09,204 | INFO | Epoch 086 | 113.9s | Loss: 0.8364 | Val AUC: 0.8880 | F1: 0.5531
2025-12-04 13:37:13,911 | INFO | Epoch 087 | 114.5s | Loss: 0.8379 | Val AUC: 0.8869 | F1: 0.5518
2025-12-04 13:39:18,759 | INFO | Epoch 088 | 114.7s | Loss: 0.8364 | Val AUC: 0.8875 | F1: 0.5527
2025-12-04 13:41:23,252 | INFO | Epoch 089 | 114.3s | Loss: 0.8358 | Val AUC: 0.8871 | F1: 0.5533
2025-12-04 13:43:28,086 | INFO | Epoch 090 | 114.6s | Loss: 0.8367 | Val AUC: 0.8869 | F1: 0.5519
2025-12-04 13:45:32,636 | INFO | Epoch 091 | 114.4s | Loss: 0.8360 | Val AUC: 0.8874 | F1: 0.5528
2025-12-04 13:47:37,378 | INFO | Epoch 092 | 114.6s | Loss: 0.8365 | Val AUC: 0.8877 | F1: 0.5523
2025-12-04 13:49:42,221 | INFO | Epoch 093 | 114.7s | Loss: 0.8377 | Val AUC: 0.8881 | F1: 0.5532
2025-12-04 13:51:46,890 | INFO | Epoch 094 | 114.5s | Loss: 0.8362 | Val AUC: 0.8880 | F1: 0.5522
2025-12-04 13:53:51,853 | INFO | Epoch 095 | 114.8s | Loss: 0.8363 | Val AUC: 0.8875 | F1: 0.5534
2025-12-04 13:55:56,632 | INFO | Epoch 096 | 114.6s | Loss: 0.8363 | Val AUC: 0.8881 | F1: 0.5541
2025-12-04 13:58:01,382 | INFO | Epoch 097 | 114.6s | Loss: 0.8362 | Val AUC: 0.8878 | F1: 0.5524
2025-12-04 14:00:06,043 | INFO | Epoch 098 | 114.5s | Loss: 0.8364 | Val AUC: 0.8878 | F1: 0.5525
2025-12-04 14:02:10,965 | INFO | Epoch 099 | 114.8s | Loss: 0.8366 | Val AUC: 0.8879 | F1: 0.5530
2025-12-04 14:04:15,838 | INFO | Epoch 100 | 114.7s | Loss: 0.8369 | Val AUC: 0.8870 | F1: 0.5530
2025-12-04 14:06:20,275 | INFO | Epoch 101 | 114.3s | Loss: 0.8368 | Val AUC: 0.8885 | F1: 0.5521
2025-12-04 14:08:24,843 | INFO | Epoch 102 | 114.4s | Loss: 0.8374 | Val AUC: 0.8884 | F1: 0.5520
2025-12-04 14:10:29,456 | INFO | Epoch 103 | 114.4s | Loss: 0.8367 | Val AUC: 0.8889 | F1: 0.5520
2025-12-04 14:12:33,777 | INFO | Epoch 104 | 114.1s | Loss: 0.8360 | Val AUC: 0.8874 | F1: 0.5514
2025-12-04 14:14:38,425 | INFO | Epoch 105 | 114.5s | Loss: 0.8377 | Val AUC: 0.8867 | F1: 0.5520
2025-12-04 14:16:43,766 | INFO | Epoch 106 | 115.2s | Loss: 0.8363 | Val AUC: 0.8879 | F1: 0.5520
2025-12-04 14:18:48,837 | INFO | Epoch 107 | 114.9s | Loss: 0.8370 | Val AUC: 0.8881 | F1: 0.5521
2025-12-04 14:20:53,327 | INFO | Epoch 108 | 114.3s | Loss: 0.8363 | Val AUC: 0.8872 | F1: 0.5514
2025-12-04 14:22:58,307 | INFO | Epoch 109 | 114.8s | Loss: 0.8366 | Val AUC: 0.8877 | F1: 0.5532
2025-12-04 14:25:03,122 | INFO | Epoch 110 | 114.6s | Loss: 0.8355 | Val AUC: 0.8875 | F1: 0.5535
2025-12-04 14:27:07,804 | INFO | Epoch 111 | 114.5s | Loss: 0.8358 | Val AUC: 0.8879 | F1: 0.5521
2025-12-04 14:29:13,157 | INFO | Epoch 112 | 115.2s | Loss: 0.8369 | Val AUC: 0.8878 | F1: 0.5527
2025-12-04 14:31:18,902 | INFO | Epoch 113 | 115.6s | Loss: 0.8356 | Val AUC: 0.8881 | F1: 0.5523
2025-12-04 14:33:23,710 | INFO | Epoch 114 | 114.6s | Loss: 0.8354 | Val AUC: 0.8876 | F1: 0.5524
2025-12-04 14:35:28,684 | INFO | Epoch 115 | 114.8s | Loss: 0.8363 | Val AUC: 0.8881 | F1: 0.5524
2025-12-04 14:37:34,222 | INFO | Epoch 116 | 115.4s | Loss: 0.8361 | Val AUC: 0.8870 | F1: 0.5526
2025-12-04 14:39:39,813 | INFO | Epoch 117 | 115.4s | Loss: 0.8362 | Val AUC: 0.8885 | F1: 0.5523
2025-12-04 14:41:44,561 | INFO | Epoch 118 | 114.6s | Loss: 0.8344 | Val AUC: 0.8872 | F1: 0.5529
2025-12-04 14:43:49,746 | INFO | Epoch 119 | 115.0s | Loss: 0.8377 | Val AUC: 0.8879 | F1: 0.5527
2025-12-04 14:45:54,566 | INFO | Epoch 120 | 114.7s | Loss: 0.8361 | Val AUC: 0.8877 | F1: 0.5526
2025-12-04 14:47:59,813 | INFO | Epoch 121 | 115.1s | Loss: 0.8373 | Val AUC: 0.8885 | F1: 0.5510
2025-12-04 14:50:05,577 | INFO | Epoch 122 | 115.6s | Loss: 0.8356 | Val AUC: 0.8876 | F1: 0.5533
2025-12-04 14:52:11,031 | INFO | Epoch 123 | 115.3s | Loss: 0.8359 | Val AUC: 0.8875 | F1: 0.5515
2025-12-04 14:54:15,495 | INFO | Epoch 124 | 114.3s | Loss: 0.8354 | Val AUC: 0.8884 | F1: 0.5517
2025-12-04 14:56:20,388 | INFO | Epoch 125 | 114.7s | Loss: 0.8368 | Val AUC: 0.8881 | F1: 0.5520
2025-12-04 14:58:25,462 | INFO | Epoch 126 | 114.9s | Loss: 0.8359 | Val AUC: 0.8870 | F1: 0.5528
2025-12-04 15:00:30,298 | INFO | Epoch 127 | 114.7s | Loss: 0.8350 | Val AUC: 0.8874 | F1: 0.5522
2025-12-04 15:02:34,903 | INFO | Epoch 128 | 114.4s | Loss: 0.8367 | Val AUC: 0.8866 | F1: 0.5508
2025-12-04 15:04:39,480 | INFO | Epoch 129 | 114.4s | Loss: 0.8359 | Val AUC: 0.8880 | F1: 0.5511
2025-12-04 15:06:44,657 | INFO | Epoch 130 | 115.0s | Loss: 0.8383 | Val AUC: 0.8876 | F1: 0.5533
2025-12-04 15:08:49,346 | INFO | Epoch 131 | 114.5s | Loss: 0.8362 | Val AUC: 0.8870 | F1: 0.5529
2025-12-04 15:10:54,820 | INFO | Epoch 132 | 115.3s | Loss: 0.8358 | Val AUC: 0.8876 | F1: 0.5530
2025-12-04 15:12:59,829 | INFO | Epoch 133 | 114.8s | Loss: 0.8356 | Val AUC: 0.8872 | F1: 0.5525
2025-12-04 15:15:04,691 | INFO | Epoch 134 | 114.7s | Loss: 0.8361 | Val AUC: 0.8869 | F1: 0.5523
2025-12-04 15:17:10,043 | INFO | Epoch 135 | 115.2s | Loss: 0.8353 | Val AUC: 0.8874 | F1: 0.5516
2025-12-04 15:19:15,349 | INFO | Epoch 136 | 115.1s | Loss: 0.8358 | Val AUC: 0.8876 | F1: 0.5516
2025-12-04 15:21:20,300 | INFO | Epoch 137 | 114.8s | Loss: 0.8359 | Val AUC: 0.8871 | F1: 0.5541
2025-12-04 15:23:25,269 | INFO | Epoch 138 | 114.8s | Loss: 0.8366 | Val AUC: 0.8874 | F1: 0.5511
2025-12-04 15:25:30,290 | INFO | Epoch 139 | 114.9s | Loss: 0.8363 | Val AUC: 0.8876 | F1: 0.5531
2025-12-04 15:27:35,708 | INFO | Epoch 140 | 115.3s | Loss: 0.8349 | Val AUC: 0.8871 | F1: 0.5512
2025-12-04 15:29:41,308 | INFO | Epoch 141 | 115.4s | Loss: 0.8350 | Val AUC: 0.8883 | F1: 0.5527
2025-12-04 15:31:46,069 | INFO | Epoch 142 | 114.6s | Loss: 0.8363 | Val AUC: 0.8887 | F1: 0.5506
2025-12-04 15:33:51,746 | INFO | Epoch 143 | 115.5s | Loss: 0.8346 | Val AUC: 0.8876 | F1: 0.5531
2025-12-04 15:35:57,285 | INFO | Epoch 144 | 115.4s | Loss: 0.8349 | Val AUC: 0.8874 | F1: 0.5519
2025-12-04 15:38:02,636 | INFO | Epoch 145 | 115.2s | Loss: 0.8350 | Val AUC: 0.8879 | F1: 0.5518
2025-12-04 15:40:07,865 | INFO | Epoch 146 | 115.1s | Loss: 0.8355 | Val AUC: 0.8872 | F1: 0.5530
2025-12-04 15:42:12,719 | INFO | Epoch 147 | 114.7s | Loss: 0.8355 | Val AUC: 0.8878 | F1: 0.5510
2025-12-04 15:44:17,941 | INFO | Epoch 148 | 115.1s | Loss: 0.8362 | Val AUC: 0.8872 | F1: 0.5513
2025-12-04 15:46:22,808 | INFO | Epoch 149 | 114.7s | Loss: 0.8363 | Val AUC: 0.8877 | F1: 0.5519
2025-12-04 15:48:27,623 | INFO | Epoch 150 | 114.6s | Loss: 0.8356 | Val AUC: 0.8880 | F1: 0.5526
2025-12-04 15:50:32,057 | INFO | Epoch 151 | 114.3s | Loss: 0.8355 | Val AUC: 0.8873 | F1: 0.5527
2025-12-04 15:52:37,641 | INFO | Epoch 152 | 115.4s | Loss: 0.8356 | Val AUC: 0.8883 | F1: 0.5533
2025-12-04 15:54:42,348 | INFO | Epoch 153 | 114.5s | Loss: 0.8359 | Val AUC: 0.8880 | F1: 0.5511
2025-12-04 15:54:42,349 | INFO | ⏹️  Early Stopping Triggered
2025-12-04 15:54:42,357 | INFO | 📄 Results saved to /home/sh/Desktop/Projects/Udval/GNN_project/data_processed/graphs_h1/training_results.json
2025-12-04 15:54:42,358 | INFO | ✅ Training Session Ended. Total Time: 317.8 min
2025-12-06 11:21:31,857 | INFO | 🚀 Starting Production-Optimized H1 Training...
2025-12-06 11:21:31,858 | INFO | 📈 TensorBoard logging to: /home/sh/Desktop/Projects/Udval/GNN_project/data_processed/graphs_h1/runs
2025-12-06 11:21:31,858 | INFO | 📂 Loading Tensors...
2025-12-06 11:21:37,968 | INFO |    Nodes: 500000 | Train Windows: 18
2025-12-06 11:21:40,351 | INFO | ⚖️  Calculating global class weights...
2025-12-06 11:21:40,371 | INFO |    Pos Weight: 39.3853
2025-12-06 11:21:40,381 | INFO | 🔄 Starting Epochs...
2025-12-06 11:23:33,227 | INFO | Epoch 001 | 112.8s | Loss: 0.9956 | Val AUC: 0.8829 | F1: 0.5212
2025-12-06 11:25:36,251 | INFO | Epoch 002 | 112.8s | Loss: 0.8947 | Val AUC: 0.8847 | F1: 0.5418
2025-12-06 11:27:39,328 | INFO | Epoch 003 | 112.9s | Loss: 0.8914 | Val AUC: 0.8850 | F1: 0.5484
2025-12-06 11:29:42,460 | INFO | Epoch 004 | 113.0s | Loss: 0.8863 | Val AUC: 0.8843 | F1: 0.5493
2025-12-06 11:31:45,772 | INFO | Epoch 005 | 113.2s | Loss: 0.8869 | Val AUC: 0.8848 | F1: 0.5508
2025-12-06 11:33:49,221 | INFO | Epoch 006 | 113.3s | Loss: 0.8857 | Val AUC: 0.8854 | F1: 0.5469
2025-12-06 11:35:52,567 | INFO | Epoch 007 | 113.2s | Loss: 0.8838 | Val AUC: 0.8845 | F1: 0.5509
2025-12-06 11:37:55,929 | INFO | Epoch 008 | 113.2s | Loss: 0.8823 | Val AUC: 0.8857 | F1: 0.5488
2025-12-06 11:39:59,396 | INFO | Epoch 009 | 113.3s | Loss: 0.8824 | Val AUC: 0.8849 | F1: 0.5500
2025-12-06 11:42:02,881 | INFO | Epoch 010 | 113.3s | Loss: 0.8788 | Val AUC: 0.8848 | F1: 0.5497
2025-12-06 11:44:06,514 | INFO | Epoch 011 | 113.5s | Loss: 0.8778 | Val AUC: 0.8852 | F1: 0.5499
2025-12-06 11:46:10,073 | INFO | Epoch 012 | 113.4s | Loss: 0.8763 | Val AUC: 0.8841 | F1: 0.5531
2025-12-06 11:48:13,550 | INFO | Epoch 013 | 113.3s | Loss: 0.8765 | Val AUC: 0.8854 | F1: 0.5514
2025-12-06 11:50:17,194 | INFO | Epoch 014 | 113.5s | Loss: 0.8769 | Val AUC: 0.8853 | F1: 0.5511
2025-12-06 11:52:20,757 | INFO | Epoch 015 | 113.4s | Loss: 0.8766 | Val AUC: 0.8857 | F1: 0.5505
2025-12-06 11:54:24,442 | INFO | Epoch 016 | 113.5s | Loss: 0.8748 | Val AUC: 0.8854 | F1: 0.5519
2025-12-06 11:56:27,979 | INFO | Epoch 017 | 113.4s | Loss: 0.8764 | Val AUC: 0.8863 | F1: 0.5508
2025-12-06 11:58:31,682 | INFO | Epoch 018 | 113.5s | Loss: 0.8752 | Val AUC: 0.8860 | F1: 0.5507
2025-12-06 12:00:35,507 | INFO | Epoch 019 | 113.7s | Loss: 0.8746 | Val AUC: 0.8854 | F1: 0.5510
2025-12-06 12:02:39,211 | INFO | Epoch 020 | 113.5s | Loss: 0.8727 | Val AUC: 0.8853 | F1: 0.5524
2025-12-06 12:04:42,695 | INFO | Epoch 021 | 113.3s | Loss: 0.8728 | Val AUC: 0.8849 | F1: 0.5502
2025-12-06 12:06:46,249 | INFO | Epoch 022 | 113.4s | Loss: 0.8727 | Val AUC: 0.8857 | F1: 0.5501
2025-12-06 12:08:49,934 | INFO | Epoch 023 | 113.5s | Loss: 0.8728 | Val AUC: 0.8847 | F1: 0.5494
2025-12-06 12:10:53,700 | INFO | Epoch 024 | 113.6s | Loss: 0.8724 | Val AUC: 0.8846 | F1: 0.5518
2025-12-06 12:12:57,528 | INFO | Epoch 025 | 113.7s | Loss: 0.8694 | Val AUC: 0.8860 | F1: 0.5514
2025-12-06 12:15:01,597 | INFO | Epoch 026 | 113.9s | Loss: 0.8694 | Val AUC: 0.8863 | F1: 0.5496
2025-12-06 12:17:05,375 | INFO | Epoch 027 | 113.6s | Loss: 0.8694 | Val AUC: 0.8857 | F1: 0.5511
2025-12-06 12:19:09,192 | INFO | Epoch 028 | 113.7s | Loss: 0.8696 | Val AUC: 0.8847 | F1: 0.5500
2025-12-06 12:21:12,876 | INFO | Epoch 029 | 113.5s | Loss: 0.8694 | Val AUC: 0.8854 | F1: 0.5516
2025-12-06 12:23:16,384 | INFO | Epoch 030 | 113.3s | Loss: 0.8694 | Val AUC: 0.8855 | F1: 0.5512
2025-12-06 12:25:19,903 | INFO | Epoch 031 | 113.4s | Loss: 0.8702 | Val AUC: 0.8844 | F1: 0.5496
2025-12-06 12:27:23,833 | INFO | Epoch 032 | 113.8s | Loss: 0.8706 | Val AUC: 0.8858 | F1: 0.5517
2025-12-06 12:29:27,495 | INFO | Epoch 033 | 113.5s | Loss: 0.8683 | Val AUC: 0.8856 | F1: 0.5508
2025-12-06 12:31:31,159 | INFO | Epoch 034 | 113.5s | Loss: 0.8679 | Val AUC: 0.8855 | F1: 0.5496
2025-12-06 12:33:34,859 | INFO | Epoch 035 | 113.5s | Loss: 0.8706 | Val AUC: 0.8848 | F1: 0.5502
2025-12-06 12:35:38,823 | INFO | Epoch 036 | 113.8s | Loss: 0.8716 | Val AUC: 0.8860 | F1: 0.5514
2025-12-06 12:37:42,410 | INFO | Epoch 037 | 113.4s | Loss: 0.8696 | Val AUC: 0.8853 | F1: 0.5500
2025-12-06 12:39:46,270 | INFO | Epoch 038 | 113.7s | Loss: 0.8688 | Val AUC: 0.8866 | F1: 0.5518
2025-12-06 12:41:49,980 | INFO | Epoch 039 | 113.5s | Loss: 0.8699 | Val AUC: 0.8841 | F1: 0.5492
2025-12-06 12:43:53,322 | INFO | Epoch 040 | 113.2s | Loss: 0.8683 | Val AUC: 0.8851 | F1: 0.5508
2025-12-06 12:45:57,132 | INFO | Epoch 041 | 113.6s | Loss: 0.8689 | Val AUC: 0.8853 | F1: 0.5521
2025-12-06 12:48:00,881 | INFO | Epoch 042 | 113.6s | Loss: 0.8690 | Val AUC: 0.8851 | F1: 0.5486
2025-12-06 12:50:04,568 | INFO | Epoch 043 | 113.5s | Loss: 0.8685 | Val AUC: 0.8854 | F1: 0.5517
2025-12-06 12:52:08,722 | INFO | Epoch 044 | 114.0s | Loss: 0.8689 | Val AUC: 0.8839 | F1: 0.5509
2025-12-06 12:54:12,834 | INFO | Epoch 045 | 113.9s | Loss: 0.8701 | Val AUC: 0.8859 | F1: 0.5497
2025-12-06 12:56:16,830 | INFO | Epoch 046 | 113.8s | Loss: 0.8672 | Val AUC: 0.8860 | F1: 0.5487
2025-12-06 12:58:21,091 | INFO | Epoch 047 | 114.1s | Loss: 0.8683 | Val AUC: 0.8844 | F1: 0.5508
2025-12-06 13:00:25,119 | INFO | Epoch 048 | 113.9s | Loss: 0.8690 | Val AUC: 0.8851 | F1: 0.5501
2025-12-06 13:02:29,152 | INFO | Epoch 049 | 113.9s | Loss: 0.8682 | Val AUC: 0.8853 | F1: 0.5499
2025-12-06 13:04:33,844 | INFO | Epoch 050 | 114.5s | Loss: 0.8684 | Val AUC: 0.8851 | F1: 0.5478
2025-12-06 13:06:37,789 | INFO | Epoch 051 | 113.8s | Loss: 0.8703 | Val AUC: 0.8859 | F1: 0.5496
2025-12-06 13:08:42,004 | INFO | Epoch 052 | 114.1s | Loss: 0.8676 | Val AUC: 0.8854 | F1: 0.5512
2025-12-06 13:10:46,033 | INFO | Epoch 053 | 113.9s | Loss: 0.8669 | Val AUC: 0.8849 | F1: 0.5491
2025-12-06 13:12:50,552 | INFO | Epoch 054 | 114.4s | Loss: 0.8661 | Val AUC: 0.8856 | F1: 0.5489
2025-12-06 13:14:54,979 | INFO | Epoch 055 | 114.3s | Loss: 0.8666 | Val AUC: 0.8844 | F1: 0.5489
2025-12-06 13:16:59,576 | INFO | Epoch 056 | 114.4s | Loss: 0.8667 | Val AUC: 0.8847 | F1: 0.5492
2025-12-06 13:19:04,121 | INFO | Epoch 057 | 114.4s | Loss: 0.8656 | Val AUC: 0.8852 | F1: 0.5500
2025-12-06 13:21:08,338 | INFO | Epoch 058 | 114.1s | Loss: 0.8678 | Val AUC: 0.8849 | F1: 0.5508
2025-12-06 13:23:12,901 | INFO | Epoch 059 | 114.4s | Loss: 0.8689 | Val AUC: 0.8851 | F1: 0.5519
2025-12-06 13:25:16,981 | INFO | Epoch 060 | 113.9s | Loss: 0.8661 | Val AUC: 0.8847 | F1: 0.5500
2025-12-06 13:27:21,154 | INFO | Epoch 061 | 114.0s | Loss: 0.8668 | Val AUC: 0.8849 | F1: 0.5505
2025-12-06 13:29:25,522 | INFO | Epoch 062 | 114.2s | Loss: 0.8667 | Val AUC: 0.8845 | F1: 0.5495
2025-12-06 13:31:30,268 | INFO | Epoch 063 | 114.6s | Loss: 0.8667 | Val AUC: 0.8847 | F1: 0.5485
2025-12-06 13:33:34,845 | INFO | Epoch 064 | 114.4s | Loss: 0.8666 | Val AUC: 0.8845 | F1: 0.5468
2025-12-06 13:35:39,106 | INFO | Epoch 065 | 114.1s | Loss: 0.8666 | Val AUC: 0.8847 | F1: 0.5474
2025-12-06 13:37:43,835 | INFO | Epoch 066 | 114.6s | Loss: 0.8665 | Val AUC: 0.8852 | F1: 0.5499
2025-12-06 13:39:48,038 | INFO | Epoch 067 | 114.0s | Loss: 0.8661 | Val AUC: 0.8853 | F1: 0.5510
2025-12-06 13:41:52,585 | INFO | Epoch 068 | 114.4s | Loss: 0.8658 | Val AUC: 0.8852 | F1: 0.5493
2025-12-06 13:43:57,194 | INFO | Epoch 069 | 114.4s | Loss: 0.8658 | Val AUC: 0.8852 | F1: 0.5500
2025-12-06 13:46:01,774 | INFO | Epoch 070 | 114.4s | Loss: 0.8673 | Val AUC: 0.8857 | F1: 0.5497
2025-12-06 13:48:06,268 | INFO | Epoch 071 | 114.3s | Loss: 0.8674 | Val AUC: 0.8852 | F1: 0.5505
2025-12-06 13:50:10,665 | INFO | Epoch 072 | 114.2s | Loss: 0.8687 | Val AUC: 0.8856 | F1: 0.5496
2025-12-06 13:52:15,077 | INFO | Epoch 073 | 114.2s | Loss: 0.8664 | Val AUC: 0.8854 | F1: 0.5517
2025-12-06 13:54:19,898 | INFO | Epoch 074 | 114.7s | Loss: 0.8673 | Val AUC: 0.8857 | F1: 0.5494
2025-12-06 13:56:25,094 | INFO | Epoch 075 | 115.0s | Loss: 0.8657 | Val AUC: 0.8851 | F1: 0.5463
2025-12-06 13:58:29,407 | INFO | Epoch 076 | 114.2s | Loss: 0.8675 | Val AUC: 0.8855 | F1: 0.5487
2025-12-06 14:00:34,361 | INFO | Epoch 077 | 114.8s | Loss: 0.8681 | Val AUC: 0.8847 | F1: 0.5519
2025-12-06 14:02:38,718 | INFO | Epoch 078 | 114.2s | Loss: 0.8658 | Val AUC: 0.8844 | F1: 0.5504
2025-12-06 14:04:43,266 | INFO | Epoch 079 | 114.4s | Loss: 0.8672 | Val AUC: 0.8855 | F1: 0.5494
2025-12-06 14:06:47,821 | INFO | Epoch 080 | 114.4s | Loss: 0.8673 | Val AUC: 0.8844 | F1: 0.5493
2025-12-06 14:08:52,532 | INFO | Epoch 081 | 114.5s | Loss: 0.8671 | Val AUC: 0.8852 | F1: 0.5500
2025-12-06 14:10:56,714 | INFO | Epoch 082 | 114.0s | Loss: 0.8659 | Val AUC: 0.8852 | F1: 0.5500
2025-12-06 14:13:01,109 | INFO | Epoch 083 | 114.2s | Loss: 0.8667 | Val AUC: 0.8866 | F1: 0.5484
2025-12-06 14:15:05,558 | INFO | Epoch 084 | 114.3s | Loss: 0.8675 | Val AUC: 0.8858 | F1: 0.5494
2025-12-06 14:17:10,088 | INFO | Epoch 085 | 114.4s | Loss: 0.8668 | Val AUC: 0.8862 | F1: 0.5484
2025-12-06 14:19:14,658 | INFO | Epoch 086 | 114.4s | Loss: 0.8666 | Val AUC: 0.8858 | F1: 0.5489
2025-12-06 14:21:19,437 | INFO | Epoch 087 | 114.6s | Loss: 0.8673 | Val AUC: 0.8859 | F1: 0.5497
2025-12-06 14:23:24,069 | INFO | Epoch 088 | 114.5s | Loss: 0.8664 | Val AUC: 0.8843 | F1: 0.5503
2025-12-06 14:25:28,574 | INFO | Epoch 089 | 114.3s | Loss: 0.8663 | Val AUC: 0.8846 | F1: 0.5505
2025-12-06 14:27:32,912 | INFO | Epoch 090 | 114.2s | Loss: 0.8661 | Val AUC: 0.8862 | F1: 0.5490
2025-12-06 14:29:37,406 | INFO | Epoch 091 | 114.3s | Loss: 0.8664 | Val AUC: 0.8859 | F1: 0.5502
2025-12-06 14:31:41,780 | INFO | Epoch 092 | 114.2s | Loss: 0.8641 | Val AUC: 0.8858 | F1: 0.5511
2025-12-06 14:33:46,116 | INFO | Epoch 093 | 114.2s | Loss: 0.8651 | Val AUC: 0.8851 | F1: 0.5503
2025-12-06 14:35:50,272 | INFO | Epoch 094 | 114.0s | Loss: 0.8673 | Val AUC: 0.8843 | F1: 0.5507
2025-12-06 14:37:54,630 | INFO | Epoch 095 | 114.2s | Loss: 0.8659 | Val AUC: 0.8858 | F1: 0.5494
2025-12-06 14:39:59,136 | INFO | Epoch 096 | 114.3s | Loss: 0.8658 | Val AUC: 0.8845 | F1: 0.5487
2025-12-06 14:42:03,847 | INFO | Epoch 097 | 114.6s | Loss: 0.8675 | Val AUC: 0.8862 | F1: 0.5498
2025-12-06 14:44:08,238 | INFO | Epoch 098 | 114.2s | Loss: 0.8675 | Val AUC: 0.8839 | F1: 0.5487
2025-12-06 14:46:12,871 | INFO | Epoch 099 | 114.5s | Loss: 0.8658 | Val AUC: 0.8847 | F1: 0.5494
2025-12-06 14:48:17,578 | INFO | Epoch 100 | 114.5s | Loss: 0.8664 | Val AUC: 0.8840 | F1: 0.5485
2025-12-06 14:50:21,953 | INFO | Epoch 101 | 114.2s | Loss: 0.8647 | Val AUC: 0.8843 | F1: 0.5506
2025-12-06 14:52:26,590 | INFO | Epoch 102 | 114.5s | Loss: 0.8661 | Val AUC: 0.8851 | F1: 0.5509
2025-12-06 14:54:31,055 | INFO | Epoch 103 | 114.3s | Loss: 0.8654 | Val AUC: 0.8851 | F1: 0.5503
2025-12-06 14:56:35,778 | INFO | Epoch 104 | 114.6s | Loss: 0.8667 | Val AUC: 0.8853 | F1: 0.5485
2025-12-06 14:58:40,481 | INFO | Epoch 105 | 114.5s | Loss: 0.8648 | Val AUC: 0.8854 | F1: 0.5490
2025-12-06 15:00:44,687 | INFO | Epoch 106 | 114.0s | Loss: 0.8659 | Val AUC: 0.8848 | F1: 0.5496
2025-12-06 15:02:49,333 | INFO | Epoch 107 | 114.5s | Loss: 0.8665 | Val AUC: 0.8851 | F1: 0.5482
2025-12-06 15:04:53,968 | INFO | Epoch 108 | 114.5s | Loss: 0.8665 | Val AUC: 0.8863 | F1: 0.5486
2025-12-06 15:06:58,517 | INFO | Epoch 109 | 114.4s | Loss: 0.8651 | Val AUC: 0.8861 | F1: 0.5512
2025-12-06 15:09:03,012 | INFO | Epoch 110 | 114.3s | Loss: 0.8664 | Val AUC: 0.8855 | F1: 0.5498
2025-12-06 15:11:07,545 | INFO | Epoch 111 | 114.4s | Loss: 0.8646 | Val AUC: 0.8852 | F1: 0.5487
2025-12-06 15:13:12,085 | INFO | Epoch 112 | 114.4s | Loss: 0.8666 | Val AUC: 0.8853 | F1: 0.5490
2025-12-06 15:15:16,505 | INFO | Epoch 113 | 114.3s | Loss: 0.8654 | Val AUC: 0.8858 | F1: 0.5536
2025-12-06 15:17:20,773 | INFO | Epoch 114 | 114.1s | Loss: 0.8654 | Val AUC: 0.8862 | F1: 0.5497
2025-12-06 15:19:24,892 | INFO | Epoch 115 | 113.9s | Loss: 0.8654 | Val AUC: 0.8853 | F1: 0.5496
2025-12-06 15:21:29,332 | INFO | Epoch 116 | 114.3s | Loss: 0.8665 | Val AUC: 0.8850 | F1: 0.5515
2025-12-06 15:23:33,682 | INFO | Epoch 117 | 114.2s | Loss: 0.8653 | Val AUC: 0.8848 | F1: 0.5508
2025-12-06 15:25:37,850 | INFO | Epoch 118 | 114.0s | Loss: 0.8658 | Val AUC: 0.8852 | F1: 0.5488
2025-12-06 15:27:41,895 | INFO | Epoch 119 | 113.9s | Loss: 0.8653 | Val AUC: 0.8853 | F1: 0.5463
2025-12-06 15:29:46,115 | INFO | Epoch 120 | 114.1s | Loss: 0.8645 | Val AUC: 0.8852 | F1: 0.5491
2025-12-06 15:31:50,378 | INFO | Epoch 121 | 114.1s | Loss: 0.8644 | Val AUC: 0.8860 | F1: 0.5501
2025-12-06 15:33:54,596 | INFO | Epoch 122 | 114.1s | Loss: 0.8652 | Val AUC: 0.8858 | F1: 0.5502
2025-12-06 15:35:58,843 | INFO | Epoch 123 | 114.1s | Loss: 0.8658 | Val AUC: 0.8864 | F1: 0.5485
2025-12-06 15:38:03,110 | INFO | Epoch 124 | 114.1s | Loss: 0.8635 | Val AUC: 0.8854 | F1: 0.5487
2025-12-06 15:40:07,294 | INFO | Epoch 125 | 114.0s | Loss: 0.8649 | Val AUC: 0.8857 | F1: 0.5490
2025-12-06 15:42:11,941 | INFO | Epoch 126 | 114.5s | Loss: 0.8642 | Val AUC: 0.8845 | F1: 0.5496
2025-12-06 15:44:16,520 | INFO | Epoch 127 | 114.4s | Loss: 0.8668 | Val AUC: 0.8854 | F1: 0.5507
2025-12-06 15:46:20,578 | INFO | Epoch 128 | 113.9s | Loss: 0.8633 | Val AUC: 0.8856 | F1: 0.5480
2025-12-06 15:48:24,909 | INFO | Epoch 129 | 114.2s | Loss: 0.8641 | Val AUC: 0.8850 | F1: 0.5508
2025-12-06 15:50:28,979 | INFO | Epoch 130 | 113.9s | Loss: 0.8654 | Val AUC: 0.8852 | F1: 0.5493
2025-12-06 15:52:33,494 | INFO | Epoch 131 | 114.4s | Loss: 0.8639 | Val AUC: 0.8859 | F1: 0.5512
2025-12-06 15:54:37,781 | INFO | Epoch 132 | 114.1s | Loss: 0.8668 | Val AUC: 0.8853 | F1: 0.5490
2025-12-06 15:56:41,961 | INFO | Epoch 133 | 114.0s | Loss: 0.8642 | Val AUC: 0.8861 | F1: 0.5481
2025-12-06 15:56:41,961 | INFO | ⏹️  Early Stopping Triggered
2025-12-06 15:56:41,970 | INFO | 📄 Results saved to /home/sh/Desktop/Projects/Udval/GNN_project/data_processed/graphs_h1/training_results.json
2025-12-06 15:56:41,970 | INFO | ✅ Training Session Ended. Total Time: 275.0 min
